<?xml version="1.0" encoding="UTF-8"?>
<testsuites name="Test_Collection_TODOS_Chrome" time="197.738" tests="10" failures="0" errors="0">
   <testsuite name="Data_interno" tests="2" failures="0" errors="0" time="25.372" skipped="0" timestamp="2022-12-02 11:14:12" hostname="javie - Maximiliano" id="Test Suites/Data_interno">
      <properties>
         <property name="deviceName" value=""/>
         <property name="devicePlatform" value=""/>
         <property name="logFolder" value="C:\\Users\\javie\\git\\KatalonCert\\Reports\\20221202_111330\\Data_interno\\20221202_111335"/>
         <property name="logFiles" value="C:\\Users\\javie\\git\\KatalonCert\\Reports\\20221202_111330\\Data_interno\\20221202_111335\\execution0.log"/>
         <property name="attachments" value=""/>
         <property name="hostName" value="javie - Maximiliano"/>
         <property name="os" value="Windows 10 64bit"/>
         <property name="katalonVersion" value="8.5.2.208"/>
         <property name="browser" value="Chrome 107.0.5304.122"/>
         <property name="hostAddress" value="192.168.29.1"/>
         <property name="sessionId" value="86d55134ce6a20e394226e22b2681284"/>
         <property name="seleniumVersion" value="3.141.59"/>
         <property name="proxyInformation" value="ProxyInformation { proxyOption=NO_PROXY, proxyServerType=HTTP, username=, password=********, proxyServerAddress=, proxyServerPort=0, executionList=&quot;&quot;, isApplyToDesiredCapabilities=true }"/>
         <property name="platform" value="Windows 10"/>
      </properties>
      <testcase name="Test Cases/Drive_excel/Drive_excel" time="14.477" classname="Test Cases/Drive_excel/Drive_excel" status="PASSED">
         <system-out><![CDATA[2022-12-02 11:14:12 - [TEST_CASE][PASSED] - Test Cases/Drive_excel/Drive_excel: Test Cases/Drive_excel/Drive_excel

2022-12-02 11:14:13 - [TEST_STEP][PASSED] - openBrowser(""): Browser is opened with url: ''

2022-12-02 11:14:13 - [MESSAGE][INFO] - Starting 'Chrome (headless)' driver

2022-12-02 11:14:13 - [MESSAGE][INFO] - Action delay is set to 0 milliseconds

2022-12-02 11:14:15 - [MESSAGE][PASSED] - Browser is opened with url: ''

2022-12-02 11:14:15 - [TEST_STEP][PASSED] - navigateToUrl("https://demoqa.com/automation-practice-form"): Navigate to 'https://demoqa.com/automation-practice-form' successfully

2022-12-02 11:14:23 - [MESSAGE][PASSED] - Navigate to 'https://demoqa.com/automation-practice-form' successfully

2022-12-02 11:14:23 - [TEST_STEP][PASSED] - waitForPageLoad(40): Wait for page load successfully

2022-12-02 11:14:24 - [MESSAGE][PASSED] - Wait for page load successfully

2022-12-02 11:14:24 - [TEST_STEP][PASSED] - maximizeWindow(): Current window maximized

2022-12-02 11:14:24 - [MESSAGE][PASSED] - Current window maximized

2022-12-02 11:14:24 - [TEST_STEP][PASSED] - setText(findTestObject("Object Repository/Drive_excel/Page_ToolsQA/input_Name_firstName"), nombre): Text 'nombre1' is set on object 'Object Repository/Drive_excel/Page_ToolsQA/input_Name_firstName'

2022-12-02 11:14:24 - [MESSAGE][PASSED] - Text 'nombre1' is set on object 'Object Repository/Drive_excel/Page_ToolsQA/input_Name_firstName'

2022-12-02 11:14:24 - [TEST_STEP][PASSED] - setText(findTestObject("Object Repository/Drive_excel/Page_ToolsQA/input_Name_lastName"), apellido): Text 'apellido1' is set on object 'Object Repository/Drive_excel/Page_ToolsQA/input_Name_lastName'

2022-12-02 11:14:24 - [MESSAGE][PASSED] - Text 'apellido1' is set on object 'Object Repository/Drive_excel/Page_ToolsQA/input_Name_lastName'

2022-12-02 11:14:24 - [TEST_STEP][PASSED] - setText(findTestObject("Object Repository/Drive_excel/Page_ToolsQA/input_Email_userEmail"), email): Text 'email1' is set on object 'Object Repository/Drive_excel/Page_ToolsQA/input_Email_userEmail'

2022-12-02 11:14:24 - [MESSAGE][PASSED] - Text 'email1' is set on object 'Object Repository/Drive_excel/Page_ToolsQA/input_Email_userEmail'

2022-12-02 11:14:24 - [TEST_STEP][PASSED] - delay(2): Delayed 2 second(s)

2022-12-02 11:14:26 - [MESSAGE][PASSED] - Delayed 2 second(s)

2022-12-02 11:14:26 - [TEST_STEP][PASSED] - closeBrowser(): Browser is closed

2022-12-02 11:14:27 - [MESSAGE][PASSED] - Browser is closed]]></system-out>
         <system-err><![CDATA[]]></system-err>
      </testcase>
      <testcase name="Test Cases/Drive_excel/Drive_excel" time="10.625" classname="Test Cases/Drive_excel/Drive_excel" status="PASSED">
         <system-out><![CDATA[2022-12-02 11:14:27 - [TEST_CASE][PASSED] - Test Cases/Drive_excel/Drive_excel: Test Cases/Drive_excel/Drive_excel

2022-12-02 11:14:27 - [TEST_STEP][PASSED] - openBrowser(""): Browser is opened with url: ''

2022-12-02 11:14:27 - [MESSAGE][INFO] - Starting 'Chrome (headless)' driver

2022-12-02 11:14:27 - [MESSAGE][INFO] - Action delay is set to 0 milliseconds

2022-12-02 11:14:28 - [MESSAGE][PASSED] - Browser is opened with url: ''

2022-12-02 11:14:28 - [TEST_STEP][PASSED] - navigateToUrl("https://demoqa.com/automation-practice-form"): Navigate to 'https://demoqa.com/automation-practice-form' successfully

2022-12-02 11:14:34 - [MESSAGE][PASSED] - Navigate to 'https://demoqa.com/automation-practice-form' successfully

2022-12-02 11:14:34 - [TEST_STEP][PASSED] - waitForPageLoad(40): Wait for page load successfully

2022-12-02 11:14:34 - [MESSAGE][PASSED] - Wait for page load successfully

2022-12-02 11:14:34 - [TEST_STEP][PASSED] - maximizeWindow(): Current window maximized

2022-12-02 11:14:34 - [MESSAGE][PASSED] - Current window maximized

2022-12-02 11:14:34 - [TEST_STEP][PASSED] - setText(findTestObject("Object Repository/Drive_excel/Page_ToolsQA/input_Name_firstName"), nombre): Text 'nombre2' is set on object 'Object Repository/Drive_excel/Page_ToolsQA/input_Name_firstName'

2022-12-02 11:14:35 - [MESSAGE][PASSED] - Text 'nombre2' is set on object 'Object Repository/Drive_excel/Page_ToolsQA/input_Name_firstName'

2022-12-02 11:14:35 - [TEST_STEP][PASSED] - setText(findTestObject("Object Repository/Drive_excel/Page_ToolsQA/input_Name_lastName"), apellido): Text 'apellido2' is set on object 'Object Repository/Drive_excel/Page_ToolsQA/input_Name_lastName'

2022-12-02 11:14:35 - [MESSAGE][PASSED] - Text 'apellido2' is set on object 'Object Repository/Drive_excel/Page_ToolsQA/input_Name_lastName'

2022-12-02 11:14:35 - [TEST_STEP][PASSED] - setText(findTestObject("Object Repository/Drive_excel/Page_ToolsQA/input_Email_userEmail"), email): Text 'email2' is set on object 'Object Repository/Drive_excel/Page_ToolsQA/input_Email_userEmail'

2022-12-02 11:14:35 - [MESSAGE][PASSED] - Text 'email2' is set on object 'Object Repository/Drive_excel/Page_ToolsQA/input_Email_userEmail'

2022-12-02 11:14:35 - [TEST_STEP][PASSED] - delay(2): Delayed 2 second(s)

2022-12-02 11:14:37 - [MESSAGE][PASSED] - Delayed 2 second(s)

2022-12-02 11:14:37 - [TEST_STEP][PASSED] - closeBrowser(): Browser is closed

2022-12-02 11:14:37 - [MESSAGE][PASSED] - Browser is closed]]></system-out>
         <system-err><![CDATA[]]></system-err>
      </testcase>
      <system-out><![CDATA[2022-12-02 11:14:12 - [TEST_SUITE][PASSED] - Data_interno: Test Cases/Drive_excel/Drive_excel]]></system-out>
      <system-err><![CDATA[]]></system-err>
   </testsuite>
   <testsuite name="Test_suite_3" tests="2" failures="0" errors="0" time="19.141" skipped="0" timestamp="2022-12-02 11:14:55" hostname="javie - Maximiliano" id="Test Suites/Test_suite_3">
      <properties>
         <property name="deviceName" value=""/>
         <property name="devicePlatform" value=""/>
         <property name="logFolder" value="C:\\Users\\javie\\git\\KatalonCert\\Reports\\20221202_111330\\Test_suite_3\\20221202_111341"/>
         <property name="logFiles" value="C:\\Users\\javie\\git\\KatalonCert\\Reports\\20221202_111330\\Test_suite_3\\20221202_111341\\execution0.log"/>
         <property name="attachments" value=""/>
         <property name="hostName" value="javie - Maximiliano"/>
         <property name="os" value="Windows 10 64bit"/>
         <property name="katalonVersion" value="8.5.2.208"/>
         <property name="browser" value="Firefox 107.0"/>
         <property name="hostAddress" value="192.168.29.1"/>
         <property name="sessionId" value="efda88fd-4240-464a-99c8-e7c568891e47"/>
         <property name="seleniumVersion" value="3.141.59"/>
         <property name="proxyInformation" value="ProxyInformation { proxyOption=NO_PROXY, proxyServerType=HTTP, username=, password=********, proxyServerAddress=, proxyServerPort=0, executionList=&quot;&quot;, isApplyToDesiredCapabilities=true }"/>
         <property name="platform" value="Windows 10"/>
      </properties>
      <testcase name="Test Cases/Navegador/Navegador" time="9.518" classname="Test Cases/Navegador/Navegador" status="PASSED">
         <system-out><![CDATA[2022-12-02 11:14:55 - [TEST_CASE][PASSED] - Test Cases/Navegador/Navegador: Test Cases/Navegador/Navegador

2022-12-02 11:14:56 - [TEST_STEP][PASSED] - openBrowser("https://demoqa.com/text-box"): Browser is opened with url: 'https://demoqa.com/text-box'

2022-12-02 11:14:56 - [MESSAGE][INFO] - Starting 'Firefox (headless)' driver

2022-12-02 11:14:56 - [MESSAGE][INFO] - Action delay is set to 0 milliseconds

2022-12-02 11:15:04 - [MESSAGE][PASSED] - Browser is opened with url: 'https://demoqa.com/text-box'

2022-12-02 11:15:04 - [TEST_STEP][PASSED] - maximizeWindow(): Current window maximized

2022-12-02 11:15:04 - [MESSAGE][PASSED] - Current window maximized

2022-12-02 11:15:04 - [TEST_STEP][PASSED] - page_url = getUrl(): Current window's url is: 'https://demoqa.com/text-box'

2022-12-02 11:15:04 - [MESSAGE][PASSED] - Current window's url is: 'https://demoqa.com/text-box'

2022-12-02 11:15:04 - [TEST_STEP][PASSED] - print(page_url): null

2022-12-02 11:15:04 - [TEST_STEP][PASSED] - Titulo = getWindowTitle(): Current window's title is: 'ToolsQA'

2022-12-02 11:15:04 - [MESSAGE][PASSED] - Current window's title is: 'ToolsQA'

2022-12-02 11:15:04 - [TEST_STEP][PASSED] - print("titiulo de la pagina" + Titulo): null

2022-12-02 11:15:04 - [TEST_STEP][PASSED] - closeBrowser(): Browser is closed

2022-12-02 11:15:05 - [MESSAGE][PASSED] - Browser is closed]]></system-out>
         <system-err><![CDATA[]]></system-err>
      </testcase>
      <testcase name="Test Cases/Objecto_xpath/Caso_xpath" time="9.444" classname="Test Cases/Objecto_xpath/Caso_xpath" status="PASSED">
         <system-out><![CDATA[2022-12-02 11:15:05 - [TEST_CASE][PASSED] - Test Cases/Objecto_xpath/Caso_xpath: Test Cases/Objecto_xpath/Caso_xpath

2022-12-02 11:15:05 - [TEST_STEP][PASSED] - openBrowser(""): Browser is opened with url: ''

2022-12-02 11:15:05 - [MESSAGE][INFO] - Starting 'Firefox (headless)' driver

2022-12-02 11:15:05 - [MESSAGE][INFO] - Action delay is set to 0 milliseconds

2022-12-02 11:15:07 - [MESSAGE][PASSED] - Browser is opened with url: ''

2022-12-02 11:15:07 - [TEST_STEP][PASSED] - navigateToUrl("https://demoqa.com/text-box"): Navigate to 'https://demoqa.com/text-box' successfully

2022-12-02 11:15:11 - [MESSAGE][PASSED] - Navigate to 'https://demoqa.com/text-box' successfully

2022-12-02 11:15:11 - [TEST_STEP][PASSED] - maximizeWindow(): Current window maximized

2022-12-02 11:15:11 - [MESSAGE][PASSED] - Current window maximized

2022-12-02 11:15:11 - [TEST_STEP][PASSED] - setText(findTestObject("Objeto_xpath/Campo_nombre"), "Ljubo"): Text 'Ljubo' is set on object 'Object Repository/Objeto_xpath/Campo_nombre'

2022-12-02 11:15:11 - [MESSAGE][PASSED] - Text 'Ljubo' is set on object 'Object Repository/Objeto_xpath/Campo_nombre'

2022-12-02 11:15:11 - [TEST_STEP][PASSED] - delay(3): Delayed 3 second(s)

2022-12-02 11:15:14 - [MESSAGE][PASSED] - Delayed 3 second(s)

2022-12-02 11:15:14 - [TEST_STEP][PASSED] - closeBrowser(): Browser is closed

2022-12-02 11:15:14 - [MESSAGE][PASSED] - Browser is closed]]></system-out>
         <system-err><![CDATA[]]></system-err>
      </testcase>
      <system-out><![CDATA[2022-12-02 11:14:55 - [TEST_SUITE][PASSED] - Test_suite_3: Test Cases/Objecto_xpath/Caso_xpath]]></system-out>
      <system-err><![CDATA[]]></system-err>
   </testsuite>
   <testsuite name="Test_suite_4" tests="3" failures="0" errors="0" time="31.438" skipped="0" timestamp="2022-12-02 11:15:33" hostname="javie - Maximiliano" id="Test Suites/Test_suite_4">
      <properties>
         <property name="deviceName" value=""/>
         <property name="devicePlatform" value=""/>
         <property name="logFolder" value="C:\\Users\\javie\\git\\KatalonCert\\Reports\\20221202_111330\\Test_suite_4\\20221202_111347"/>
         <property name="logFiles" value="C:\\Users\\javie\\git\\KatalonCert\\Reports\\20221202_111330\\Test_suite_4\\20221202_111347\\execution0.log"/>
         <property name="attachments" value=""/>
         <property name="hostName" value="javie - Maximiliano"/>
         <property name="os" value="Windows 10 64bit"/>
         <property name="katalonVersion" value="8.5.2.208"/>
         <property name="browser" value="Firefox 107.0"/>
         <property name="hostAddress" value="192.168.29.1"/>
         <property name="sessionId" value="4a945d3a-9839-44c7-ba44-58ad6fc14490"/>
         <property name="seleniumVersion" value="3.141.59"/>
         <property name="proxyInformation" value="ProxyInformation { proxyOption=NO_PROXY, proxyServerType=HTTP, username=, password=********, proxyServerAddress=, proxyServerPort=0, executionList=&quot;&quot;, isApplyToDesiredCapabilities=true }"/>
         <property name="platform" value="Windows 10"/>
      </properties>
      <testcase name="Test Cases/Prueba_1/Caso_1" time="10.643" classname="Test Cases/Prueba_1/Caso_1" status="PASSED">
         <system-out><![CDATA[2022-12-02 11:15:33 - [TEST_CASE][PASSED] - Test Cases/Prueba_1/Caso_1: Test Cases/Prueba_1/Caso_1

2022-12-02 11:15:33 - [TEST_STEP][PASSED] - openBrowser(""): Browser is opened with url: ''

2022-12-02 11:15:33 - [MESSAGE][INFO] - Starting 'Firefox (headless)' driver

2022-12-02 11:15:33 - [MESSAGE][INFO] - Action delay is set to 0 milliseconds

2022-12-02 11:15:35 - [MESSAGE][PASSED] - Browser is opened with url: ''

2022-12-02 11:15:35 - [TEST_STEP][PASSED] - navigateToUrl("https://demoqa.com/"): Navigate to 'https://demoqa.com/' successfully

2022-12-02 11:15:41 - [MESSAGE][PASSED] - Navigate to 'https://demoqa.com/' successfully

2022-12-02 11:15:41 - [TEST_STEP][PASSED] - maximizeWindow(): Current window maximized

2022-12-02 11:15:41 - [MESSAGE][PASSED] - Current window maximized

2022-12-02 11:15:41 - [TEST_STEP][PASSED] - scrollToElement(findTestObject("Prueba_1/Page_ToolsQA/div_Elements_card-up"), 0): Scroll to object 'Object Repository/Prueba_1/Page_ToolsQA/div_Elements_card-up' successfully

2022-12-02 11:15:41 - [MESSAGE][WARNING] - Timeout '0' is invalid. Using default page load timeout: '5'

2022-12-02 11:15:41 - [MESSAGE][PASSED] - Scroll to object 'Object Repository/Prueba_1/Page_ToolsQA/div_Elements_card-up' successfully

2022-12-02 11:15:41 - [TEST_STEP][PASSED] - click(findTestObject("Object Repository/Prueba_1/Page_ToolsQA/div_Elements_card-up")): Object: 'Object Repository/Prueba_1/Page_ToolsQA/div_Elements_card-up' is clicked on

2022-12-02 11:15:41 - [MESSAGE][PASSED] - Object: 'Object Repository/Prueba_1/Page_ToolsQA/div_Elements_card-up' is clicked on

2022-12-02 11:15:41 - [TEST_STEP][PASSED] - click(findTestObject("Object Repository/Prueba_1/Page_ToolsQA/span_Text Box")): Object: 'Object Repository/Prueba_1/Page_ToolsQA/span_Text Box' is clicked on

2022-12-02 11:15:41 - [MESSAGE][PASSED] - Object: 'Object Repository/Prueba_1/Page_ToolsQA/span_Text Box' is clicked on

2022-12-02 11:15:41 - [TEST_STEP][PASSED] - click(findTestObject("Object Repository/Prueba_1/Page_ToolsQA/input_Full Name_userName")): Object: 'Object Repository/Prueba_1/Page_ToolsQA/input_Full Name_userName' is clicked on

2022-12-02 11:15:42 - [MESSAGE][PASSED] - Object: 'Object Repository/Prueba_1/Page_ToolsQA/input_Full Name_userName' is clicked on

2022-12-02 11:15:42 - [TEST_STEP][PASSED] - setText(findTestObject("Prueba_1/Page_ToolsQA/input_Full Name_userName"), "Ljubo"): Text 'Ljubo' is set on object 'Object Repository/Prueba_1/Page_ToolsQA/input_Full Name_userName'

2022-12-02 11:15:42 - [MESSAGE][PASSED] - Text 'Ljubo' is set on object 'Object Repository/Prueba_1/Page_ToolsQA/input_Full Name_userName'

2022-12-02 11:15:42 - [TEST_STEP][PASSED] - nombre = getAttribute(findTestObject("Prueba_1/Page_ToolsQA/input_Full Name_userName"), "value"): Attribute 'value' of object 'Object Repository/Prueba_1/Page_ToolsQA/input_Full Name_userName' is: 'Ljubo'

2022-12-02 11:15:42 - [MESSAGE][PASSED] - Attribute 'value' of object 'Object Repository/Prueba_1/Page_ToolsQA/input_Full Name_userName' is: 'Ljubo'

2022-12-02 11:15:42 - [TEST_STEP][PASSED] - print(nombre): null

2022-12-02 11:15:42 - [TEST_STEP][PASSED] - setText(findTestObject("Object Repository/Prueba_1/Page_ToolsQA/input_Email_userEmail"), "Ljubo@gmail.com"): Text 'Ljubo@gmail.com' is set on object 'Object Repository/Prueba_1/Page_ToolsQA/input_Email_userEmail'

2022-12-02 11:15:42 - [MESSAGE][PASSED] - Text 'Ljubo@gmail.com' is set on object 'Object Repository/Prueba_1/Page_ToolsQA/input_Email_userEmail'

2022-12-02 11:15:42 - [TEST_STEP][PASSED] - setText(findTestObject("Object Repository/Prueba_1/Page_ToolsQA/textarea_Current Address_currentAddress"), "direcciÃ³n_uno"): Text 'direcciÃ³n_uno' is set on object 'Object Repository/Prueba_1/Page_ToolsQA/textarea_Current Address_currentAddress'

2022-12-02 11:15:42 - [MESSAGE][PASSED] - Text 'direcciÃ³n_uno' is set on object 'Object Repository/Prueba_1/Page_ToolsQA/textarea_Current Address_currentAddress'

2022-12-02 11:15:42 - [TEST_STEP][PASSED] - setText(findTestObject("Object Repository/Prueba_1/Page_ToolsQA/textarea_Permanent Address_permanentAddress"), "direcciÃ³n dos"): Text 'direcciÃ³n dos' is set on object 'Object Repository/Prueba_1/Page_ToolsQA/textarea_Permanent Address_permanentAddress'

2022-12-02 11:15:42 - [MESSAGE][PASSED] - Text 'direcciÃ³n dos' is set on object 'Object Repository/Prueba_1/Page_ToolsQA/textarea_Permanent Address_permanentAddress'

2022-12-02 11:15:42 - [TEST_STEP][PASSED] - scrollToElement(findTestObject("Prueba_1/Page_ToolsQA/button_Submit"), 0): Scroll to object 'Object Repository/Prueba_1/Page_ToolsQA/button_Submit' successfully

2022-12-02 11:15:42 - [MESSAGE][WARNING] - Timeout '0' is invalid. Using default page load timeout: '5'

2022-12-02 11:15:43 - [MESSAGE][PASSED] - Scroll to object 'Object Repository/Prueba_1/Page_ToolsQA/button_Submit' successfully

2022-12-02 11:15:43 - [TEST_STEP][PASSED] - click(findTestObject("Object Repository/Prueba_1/Page_ToolsQA/button_Submit")): Object: 'Object Repository/Prueba_1/Page_ToolsQA/button_Submit' is clicked on

2022-12-02 11:15:43 - [MESSAGE][PASSED] - Object: 'Object Repository/Prueba_1/Page_ToolsQA/button_Submit' is clicked on

2022-12-02 11:15:43 - [TEST_STEP][PASSED] - closeBrowser(): Browser is closed

2022-12-02 11:15:43 - [MESSAGE][PASSED] - Browser is closed]]></system-out>
         <system-err><![CDATA[]]></system-err>
      </testcase>
      <testcase name="Test Cases/Prueba_1/Caso_2" time="12.565" classname="Test Cases/Prueba_1/Caso_2" status="PASSED">
         <system-out><![CDATA[2022-12-02 11:15:43 - [TEST_CASE][PASSED] - Test Cases/Prueba_1/Caso_2: Test Cases/Prueba_1/Caso_2

2022-12-02 11:15:44 - [TEST_STEP][PASSED] - openBrowser(""): Browser is opened with url: ''

2022-12-02 11:15:44 - [MESSAGE][INFO] - Starting 'Firefox (headless)' driver

2022-12-02 11:15:44 - [MESSAGE][INFO] - Action delay is set to 0 milliseconds

2022-12-02 11:15:45 - [MESSAGE][PASSED] - Browser is opened with url: ''

2022-12-02 11:15:45 - [TEST_STEP][PASSED] - navigateToUrl("https://demoqa.com/"): Navigate to 'https://demoqa.com/' successfully

2022-12-02 11:15:53 - [MESSAGE][PASSED] - Navigate to 'https://demoqa.com/' successfully

2022-12-02 11:15:53 - [TEST_STEP][PASSED] - maximizeWindow(): Current window maximized

2022-12-02 11:15:53 - [MESSAGE][PASSED] - Current window maximized

2022-12-02 11:15:53 - [TEST_STEP][PASSED] - scrollToElement(findTestObject("Prueba_1/Page_ToolsQA/div_Elements_card-up"), 0): Scroll to object 'Object Repository/Prueba_1/Page_ToolsQA/div_Elements_card-up' successfully

2022-12-02 11:15:53 - [MESSAGE][WARNING] - Timeout '0' is invalid. Using default page load timeout: '5'

2022-12-02 11:15:53 - [MESSAGE][PASSED] - Scroll to object 'Object Repository/Prueba_1/Page_ToolsQA/div_Elements_card-up' successfully

2022-12-02 11:15:53 - [TEST_STEP][PASSED] - click(findTestObject("Object Repository/Prueba_2/Page_ToolsQA/div_Elements_card-up")): Object: 'Object Repository/Prueba_2/Page_ToolsQA/div_Elements_card-up' is clicked on

2022-12-02 11:15:54 - [MESSAGE][PASSED] - Object: 'Object Repository/Prueba_2/Page_ToolsQA/div_Elements_card-up' is clicked on

2022-12-02 11:15:54 - [TEST_STEP][PASSED] - click(findTestObject("Object Repository/Prueba_2/Page_ToolsQA/li_Text Box")): Object: 'Object Repository/Prueba_2/Page_ToolsQA/li_Text Box' is clicked on

2022-12-02 11:15:54 - [MESSAGE][PASSED] - Object: 'Object Repository/Prueba_2/Page_ToolsQA/li_Text Box' is clicked on

2022-12-02 11:15:54 - [TEST_STEP][PASSED] - setText(findTestObject("Object Repository/Prueba_2/Page_ToolsQA/input_Full Name_userName"), "Ljubo"): Text 'Ljubo' is set on object 'Object Repository/Prueba_2/Page_ToolsQA/input_Full Name_userName'

2022-12-02 11:15:54 - [MESSAGE][PASSED] - Text 'Ljubo' is set on object 'Object Repository/Prueba_2/Page_ToolsQA/input_Full Name_userName'

2022-12-02 11:15:54 - [TEST_STEP][PASSED] - setText(findTestObject("Object Repository/Prueba_2/Page_ToolsQA/input_Email_userEmail"), "Ljubo@gmail.com"): Text 'Ljubo@gmail.com' is set on object 'Object Repository/Prueba_2/Page_ToolsQA/input_Email_userEmail'

2022-12-02 11:15:54 - [MESSAGE][PASSED] - Text 'Ljubo@gmail.com' is set on object 'Object Repository/Prueba_2/Page_ToolsQA/input_Email_userEmail'

2022-12-02 11:15:54 - [TEST_STEP][PASSED] - setText(findTestObject("Object Repository/Prueba_2/Page_ToolsQA/textarea_Current Address_currentAddress"), "Dir uno"): Text 'Dir uno' is set on object 'Object Repository/Prueba_2/Page_ToolsQA/textarea_Current Address_currentAddress'

2022-12-02 11:15:54 - [MESSAGE][PASSED] - Text 'Dir uno' is set on object 'Object Repository/Prueba_2/Page_ToolsQA/textarea_Current Address_currentAddress'

2022-12-02 11:15:54 - [TEST_STEP][PASSED] - setText(findTestObject("Object Repository/Prueba_2/Page_ToolsQA/textarea_Permanent Address_permanentAddress"), "dir dos"): Text 'dir dos' is set on object 'Object Repository/Prueba_2/Page_ToolsQA/textarea_Permanent Address_permanentAddress'

2022-12-02 11:15:54 - [MESSAGE][PASSED] - Text 'dir dos' is set on object 'Object Repository/Prueba_2/Page_ToolsQA/textarea_Permanent Address_permanentAddress'

2022-12-02 11:15:54 - [TEST_STEP][PASSED] - scrollToElement(findTestObject("Prueba_1/Page_ToolsQA/button_Submit"), 0): Scroll to object 'Object Repository/Prueba_1/Page_ToolsQA/button_Submit' successfully

2022-12-02 11:15:54 - [MESSAGE][WARNING] - Timeout '0' is invalid. Using default page load timeout: '5'

2022-12-02 11:15:54 - [MESSAGE][PASSED] - Scroll to object 'Object Repository/Prueba_1/Page_ToolsQA/button_Submit' successfully

2022-12-02 11:15:54 - [TEST_STEP][PASSED] - click(findTestObject("Object Repository/Prueba_2/Page_ToolsQA/button_Submit")): Object: 'Object Repository/Prueba_2/Page_ToolsQA/button_Submit' is clicked on

2022-12-02 11:15:55 - [MESSAGE][PASSED] - Object: 'Object Repository/Prueba_2/Page_ToolsQA/button_Submit' is clicked on

2022-12-02 11:15:55 - [TEST_STEP][PASSED] - click(findTestObject("Object Repository/Prueba_2/Page_ToolsQA/div_Text Box")): Object: 'Object Repository/Prueba_2/Page_ToolsQA/div_Text Box' is clicked on

2022-12-02 11:15:55 - [MESSAGE][PASSED] - Object: 'Object Repository/Prueba_2/Page_ToolsQA/div_Text Box' is clicked on

2022-12-02 11:15:55 - [TEST_STEP][PASSED] - rightClick(findTestObject("Object Repository/Prueba_2/Page_ToolsQA/div_Text Box")): Object: 'Object Repository/Prueba_2/Page_ToolsQA/div_Text Box' is right clicked on

2022-12-02 11:15:55 - [MESSAGE][PASSED] - Object: 'Object Repository/Prueba_2/Page_ToolsQA/div_Text Box' is right clicked on

2022-12-02 11:15:55 - [TEST_STEP][PASSED] - verifyElementText(findTestObject("Prueba_2/Page_ToolsQA/div_Text Box"), "Text Box"): Actual text and expected text of test object 'Object Repository/Prueba_2/Page_ToolsQA/div_Text Box' are matched.

2022-12-02 11:15:55 - [MESSAGE][PASSED] - Actual text and expected text of test object 'Object Repository/Prueba_2/Page_ToolsQA/div_Text Box' are matched.

2022-12-02 11:15:55 - [TEST_STEP][PASSED] - closeBrowser(): Browser is closed

2022-12-02 11:15:56 - [MESSAGE][PASSED] - Browser is closed]]></system-out>
         <system-err><![CDATA[]]></system-err>
      </testcase>
      <testcase name="Test Cases/Reto_select/Reto_select" time="8.049" classname="Test Cases/Reto_select/Reto_select" status="PASSED">
         <system-out><![CDATA[2022-12-02 11:15:56 - [TEST_CASE][PASSED] - Test Cases/Reto_select/Reto_select: Test Cases/Reto_select/Reto_select

2022-12-02 11:15:56 - [TEST_STEP][PASSED] - openBrowser(""): Browser is opened with url: ''

2022-12-02 11:15:56 - [MESSAGE][INFO] - Starting 'Firefox (headless)' driver

2022-12-02 11:15:56 - [MESSAGE][INFO] - Action delay is set to 0 milliseconds

2022-12-02 11:15:58 - [MESSAGE][PASSED] - Browser is opened with url: ''

2022-12-02 11:15:58 - [TEST_STEP][PASSED] - navigateToUrl("https://testsheepnz.github.io/BasicCalculator.html"): Navigate to 'https://testsheepnz.github.io/BasicCalculator.html' successfully

2022-12-02 11:15:59 - [MESSAGE][PASSED] - Navigate to 'https://testsheepnz.github.io/BasicCalculator.html' successfully

2022-12-02 11:15:59 - [TEST_STEP][PASSED] - maximizeWindow(): Current window maximized

2022-12-02 11:15:59 - [MESSAGE][PASSED] - Current window maximized

2022-12-02 11:15:59 - [TEST_STEP][PASSED] - scrollToElement(findTestObject("Reto_select/Campo_1"), 0): Scroll to object 'Object Repository/Reto_select/Campo_1' successfully

2022-12-02 11:15:59 - [MESSAGE][WARNING] - Timeout '0' is invalid. Using default page load timeout: '5'

2022-12-02 11:15:59 - [MESSAGE][PASSED] - Scroll to object 'Object Repository/Reto_select/Campo_1' successfully

2022-12-02 11:15:59 - [TEST_STEP][PASSED] - setText(findTestObject("Reto_select/Campo_1"), "10"): Text '10' is set on object 'Object Repository/Reto_select/Campo_1'

2022-12-02 11:15:59 - [MESSAGE][PASSED] - Text '10' is set on object 'Object Repository/Reto_select/Campo_1'

2022-12-02 11:15:59 - [TEST_STEP][PASSED] - a = getAttribute(findTestObject("Reto_select/Campo_1"), "value"): Attribute 'value' of object 'Object Repository/Reto_select/Campo_1' is: '10'

2022-12-02 11:15:59 - [MESSAGE][PASSED] - Attribute 'value' of object 'Object Repository/Reto_select/Campo_1' is: '10'

2022-12-02 11:15:59 - [TEST_STEP][PASSED] - print("Valor de a: " + a): null

2022-12-02 11:15:59 - [TEST_STEP][PASSED] - setText(findTestObject("Reto_select/Campo_2"), "5"): Text '5' is set on object 'Object Repository/Reto_select/Campo_2'

2022-12-02 11:15:59 - [MESSAGE][PASSED] - Text '5' is set on object 'Object Repository/Reto_select/Campo_2'

2022-12-02 11:15:59 - [TEST_STEP][PASSED] - selectOptionByLabel(findTestObject("Reto_select/Seleccionar_Operacion"), "Multiply", false): All options with label 'Multiply' are selected in object 'Object Repository/Reto_select/Seleccionar_Operacion' 

2022-12-02 11:16:00 - [MESSAGE][PASSED] - All options with label 'Multiply' are selected in object 'Object Repository/Reto_select/Seleccionar_Operacion' 

2022-12-02 11:16:00 - [TEST_STEP][PASSED] - click(findTestObject("Reto_select/Calcular")): Object: 'Object Repository/Reto_select/Calcular' is clicked on

2022-12-02 11:16:00 - [MESSAGE][PASSED] - Object: 'Object Repository/Reto_select/Calcular' is clicked on

2022-12-02 11:16:00 - [TEST_STEP][PASSED] - delay(0.5): Delayed 0,5 second(s)

2022-12-02 11:16:00 - [MESSAGE][PASSED] - Delayed 0,5 second(s)

2022-12-02 11:16:00 - [TEST_STEP][PASSED] - Resultado_1 = getText(findTestObject("Reto_select/Respuesta")): Text of object 'Object Repository/Reto_select/Respuesta' is: ''

2022-12-02 11:16:01 - [MESSAGE][PASSED] - Text of object 'Object Repository/Reto_select/Respuesta' is: ''

2022-12-02 11:16:01 - [TEST_STEP][PASSED] - print("Hola" + Resultado_1): null

2022-12-02 11:16:01 - [TEST_STEP][PASSED] - click(findTestObject("Reto_select/Limpiar")): Object: 'Object Repository/Reto_select/Limpiar' is clicked on

2022-12-02 11:16:01 - [MESSAGE][PASSED] - Object: 'Object Repository/Reto_select/Limpiar' is clicked on

2022-12-02 11:16:01 - [TEST_STEP][PASSED] - delay(0.5): Delayed 0,5 second(s)

2022-12-02 11:16:01 - [MESSAGE][PASSED] - Delayed 0,5 second(s)

2022-12-02 11:16:01 - [TEST_STEP][PASSED] - setText(findTestObject("Reto_select/Campo_1"), "50"): Text '50' is set on object 'Object Repository/Reto_select/Campo_1'

2022-12-02 11:16:01 - [MESSAGE][PASSED] - Text '50' is set on object 'Object Repository/Reto_select/Campo_1'

2022-12-02 11:16:01 - [TEST_STEP][PASSED] - setText(findTestObject("Reto_select/Campo_2"), "5"): Text '5' is set on object 'Object Repository/Reto_select/Campo_2'

2022-12-02 11:16:02 - [MESSAGE][PASSED] - Text '5' is set on object 'Object Repository/Reto_select/Campo_2'

2022-12-02 11:16:02 - [TEST_STEP][PASSED] - selectOptionByLabel(findTestObject("Reto_select/Seleccionar_Operacion"), "Divide", false): All options with label 'Divide' are selected in object 'Object Repository/Reto_select/Seleccionar_Operacion' 

2022-12-02 11:16:02 - [MESSAGE][PASSED] - All options with label 'Divide' are selected in object 'Object Repository/Reto_select/Seleccionar_Operacion' 

2022-12-02 11:16:02 - [TEST_STEP][PASSED] - click(findTestObject("Reto_select/Calcular")): Object: 'Object Repository/Reto_select/Calcular' is clicked on

2022-12-02 11:16:02 - [MESSAGE][PASSED] - Object: 'Object Repository/Reto_select/Calcular' is clicked on

2022-12-02 11:16:02 - [TEST_STEP][PASSED] - delay(0.5): Delayed 0,5 second(s)

2022-12-02 11:16:03 - [MESSAGE][PASSED] - Delayed 0,5 second(s)

2022-12-02 11:16:03 - [TEST_STEP][PASSED] - click(findTestObject("Reto_select/Limpiar")): Object: 'Object Repository/Reto_select/Limpiar' is clicked on

2022-12-02 11:16:03 - [MESSAGE][PASSED] - Object: 'Object Repository/Reto_select/Limpiar' is clicked on

2022-12-02 11:16:03 - [TEST_STEP][PASSED] - closeBrowser(): Browser is closed

2022-12-02 11:16:04 - [MESSAGE][PASSED] - Browser is closed]]></system-out>
         <system-err><![CDATA[]]></system-err>
      </testcase>
      <system-out><![CDATA[2022-12-02 11:15:33 - [TEST_SUITE][PASSED] - Test_suite_4: Test Cases/Reto_select/Reto_select]]></system-out>
      <system-err><![CDATA[]]></system-err>
   </testsuite>
   <testsuite name="Test_suite_5" tests="2" failures="0" errors="0" time="31.238" skipped="0" timestamp="2022-12-02 11:16:22" hostname="javie - Maximiliano" id="Test Suites/Test_suite_5">
      <properties>
         <property name="deviceName" value=""/>
         <property name="devicePlatform" value=""/>
         <property name="logFolder" value="C:\\Users\\javie\\git\\KatalonCert\\Reports\\20221202_111330\\Test_suite_5\\20221202_111352"/>
         <property name="logFiles" value="C:\\Users\\javie\\git\\KatalonCert\\Reports\\20221202_111330\\Test_suite_5\\20221202_111352\\execution0.log"/>
         <property name="attachments" value=""/>
         <property name="hostName" value="javie - Maximiliano"/>
         <property name="os" value="Windows 10 64bit"/>
         <property name="katalonVersion" value="8.5.2.208"/>
         <property name="browser" value="Firefox 107.0"/>
         <property name="hostAddress" value="192.168.29.1"/>
         <property name="sessionId" value="d651289e-0ed0-44ed-8491-e9d5bf78bf4e"/>
         <property name="seleniumVersion" value="3.141.59"/>
         <property name="proxyInformation" value="ProxyInformation { proxyOption=NO_PROXY, proxyServerType=HTTP, username=, password=********, proxyServerAddress=, proxyServerPort=0, executionList=&quot;&quot;, isApplyToDesiredCapabilities=true }"/>
         <property name="platform" value="Windows 10"/>
      </properties>
      <testcase name="Test Cases/Set_text_Combo_text/Set_text" time="21.791" classname="Test Cases/Set_text_Combo_text/Set_text" status="PASSED">
         <system-out><![CDATA[2022-12-02 11:16:22 - [TEST_CASE][PASSED] - Test Cases/Set_text_Combo_text/Set_text: Test Cases/Set_text_Combo_text/Set_text

2022-12-02 11:16:22 - [TEST_STEP][PASSED] - openBrowser(""): Browser is opened with url: ''

2022-12-02 11:16:22 - [MESSAGE][INFO] - Starting 'Firefox (headless)' driver

2022-12-02 11:16:23 - [MESSAGE][INFO] - Action delay is set to 0 milliseconds

2022-12-02 11:16:25 - [MESSAGE][PASSED] - Browser is opened with url: ''

2022-12-02 11:16:25 - [TEST_STEP][PASSED] - navigateToUrl("https://demoqa.com/automation-practice-form"): Navigate to 'https://demoqa.com/automation-practice-form' successfully

2022-12-02 11:16:31 - [MESSAGE][PASSED] - Navigate to 'https://demoqa.com/automation-practice-form' successfully

2022-12-02 11:16:31 - [TEST_STEP][PASSED] - maximizeWindow(): Current window maximized

2022-12-02 11:16:31 - [MESSAGE][PASSED] - Current window maximized

2022-12-02 11:16:31 - [TEST_STEP][PASSED] - click(findTestObject("Object Repository/Set_text/Page_ToolsQA/input_Name_firstName")): Object: 'Object Repository/Set_text/Page_ToolsQA/input_Name_firstName' is clicked on

2022-12-02 11:16:31 - [MESSAGE][PASSED] - Object: 'Object Repository/Set_text/Page_ToolsQA/input_Name_firstName' is clicked on

2022-12-02 11:16:31 - [TEST_STEP][PASSED] - setText(findTestObject("Object Repository/Set_text/Page_ToolsQA/input_Name_firstName"), "Pedro"): Text 'Pedro' is set on object 'Object Repository/Set_text/Page_ToolsQA/input_Name_firstName'

2022-12-02 11:16:31 - [MESSAGE][PASSED] - Text 'Pedro' is set on object 'Object Repository/Set_text/Page_ToolsQA/input_Name_firstName'

2022-12-02 11:16:31 - [TEST_STEP][PASSED] - setText(findTestObject("Set_text/Page_ToolsQA/input_Name_firstName"), "Juan"): Text 'Juan' is set on object 'Object Repository/Set_text/Page_ToolsQA/input_Name_firstName'

2022-12-02 11:16:31 - [MESSAGE][PASSED] - Text 'Juan' is set on object 'Object Repository/Set_text/Page_ToolsQA/input_Name_firstName'

2022-12-02 11:16:31 - [TEST_STEP][PASSED] - delay(tiempo): Delayed 1 second(s)

2022-12-02 11:16:32 - [MESSAGE][PASSED] - Delayed 1 second(s)

2022-12-02 11:16:32 - [TEST_STEP][PASSED] - sendKeys(findTestObject("Set_text/Page_ToolsQA/input_Name_firstName"), "Erika"): Keys 'Erika' sent to object: 'Object Repository/Set_text/Page_ToolsQA/input_Name_firstName'

2022-12-02 11:16:33 - [MESSAGE][PASSED] - Keys 'Erika' sent to object: 'Object Repository/Set_text/Page_ToolsQA/input_Name_firstName'

2022-12-02 11:16:33 - [TEST_STEP][PASSED] - delay(tiempo): Delayed 1 second(s)

2022-12-02 11:16:34 - [MESSAGE][PASSED] - Delayed 1 second(s)

2022-12-02 11:16:34 - [TEST_STEP][PASSED] - clearText(findTestObject("Set_text/Page_ToolsQA/input_Name_firstName")): Text of object 'Object Repository/Set_text/Page_ToolsQA/input_Name_firstName' is cleared

2022-12-02 11:16:34 - [MESSAGE][PASSED] - Text of object 'Object Repository/Set_text/Page_ToolsQA/input_Name_firstName' is cleared

2022-12-02 11:16:34 - [TEST_STEP][PASSED] - sendKeys(findTestObject("Set_text/Page_ToolsQA/input_Name_firstName"), "Carlos"): Keys 'Carlos' sent to object: 'Object Repository/Set_text/Page_ToolsQA/input_Name_firstName'

2022-12-02 11:16:34 - [MESSAGE][PASSED] - Keys 'Carlos' sent to object: 'Object Repository/Set_text/Page_ToolsQA/input_Name_firstName'

2022-12-02 11:16:34 - [TEST_STEP][PASSED] - delay(tiempo): Delayed 1 second(s)

2022-12-02 11:16:35 - [MESSAGE][PASSED] - Delayed 1 second(s)

2022-12-02 11:16:35 - [TEST_STEP][PASSED] - scrollToElement(findTestObject("Set_text/Page_ToolsQA/label_Male"), 0): Scroll to object 'Object Repository/Set_text/Page_ToolsQA/label_Male' successfully

2022-12-02 11:16:35 - [MESSAGE][WARNING] - Timeout '0' is invalid. Using default page load timeout: '5'

2022-12-02 11:16:35 - [MESSAGE][PASSED] - Scroll to object 'Object Repository/Set_text/Page_ToolsQA/label_Male' successfully

2022-12-02 11:16:35 - [TEST_STEP][PASSED] - check(findTestObject("Set_text/Page_ToolsQA/label_Male")): Object 'Object Repository/Set_text/Page_ToolsQA/label_Male' is checked

2022-12-02 11:16:35 - [MESSAGE][PASSED] - Object 'Object Repository/Set_text/Page_ToolsQA/label_Male' is checked

2022-12-02 11:16:35 - [TEST_STEP][PASSED] - delay(tiempo): Delayed 1 second(s)

2022-12-02 11:16:36 - [MESSAGE][PASSED] - Delayed 1 second(s)

2022-12-02 11:16:36 - [TEST_STEP][PASSED] - uncheck(findTestObject("Set_text/Page_ToolsQA/label_Male")): Object 'Object Repository/Set_text/Page_ToolsQA/label_Male' is un-checked

2022-12-02 11:16:36 - [MESSAGE][PASSED] - Object 'Object Repository/Set_text/Page_ToolsQA/label_Male' is un-checked

2022-12-02 11:16:36 - [TEST_STEP][PASSED] - delay(tiempo): Delayed 1 second(s)

2022-12-02 11:16:37 - [MESSAGE][PASSED] - Delayed 1 second(s)

2022-12-02 11:16:37 - [TEST_STEP][PASSED] - scrollToElement(findTestObject("Set_text/Page_ToolsQA/Check_1"), 1): Scroll to object 'Object Repository/Set_text/Page_ToolsQA/Check_1' successfully

2022-12-02 11:16:37 - [MESSAGE][PASSED] - Scroll to object 'Object Repository/Set_text/Page_ToolsQA/Check_1' successfully

2022-12-02 11:16:37 - [TEST_STEP][PASSED] - click(findTestObject("Set_text/Page_ToolsQA/Check_1")): Object: 'Object Repository/Set_text/Page_ToolsQA/Check_1' is clicked on

2022-12-02 11:16:38 - [MESSAGE][PASSED] - Object: 'Object Repository/Set_text/Page_ToolsQA/Check_1' is clicked on

2022-12-02 11:16:38 - [TEST_STEP][PASSED] - delay(tiempo): Delayed 1 second(s)

2022-12-02 11:16:39 - [MESSAGE][PASSED] - Delayed 1 second(s)

2022-12-02 11:16:39 - [TEST_STEP][PASSED] - click(findTestObject("Set_text/Page_ToolsQA/Link")): Object: 'Object Repository/Set_text/Page_ToolsQA/Link' is clicked on

2022-12-02 11:16:42 - [MESSAGE][PASSED] - Object: 'Object Repository/Set_text/Page_ToolsQA/Link' is clicked on

2022-12-02 11:16:42 - [TEST_STEP][PASSED] - delay(tiempo): Delayed 1 second(s)

2022-12-02 11:16:43 - [MESSAGE][PASSED] - Delayed 1 second(s)

2022-12-02 11:16:43 - [TEST_STEP][PASSED] - closeBrowser(): Browser is closed

2022-12-02 11:16:44 - [MESSAGE][PASSED] - Browser is closed]]></system-out>
         <system-err><![CDATA[]]></system-err>
      </testcase>
      <testcase name="Test Cases/Spy_web/Caso_spy_web" time="9.271" classname="Test Cases/Spy_web/Caso_spy_web" status="PASSED">
         <system-out><![CDATA[2022-12-02 11:16:44 - [TEST_CASE][PASSED] - Test Cases/Spy_web/Caso_spy_web: Test Cases/Spy_web/Caso_spy_web

2022-12-02 11:16:44 - [TEST_STEP][PASSED] - openBrowser(""): Browser is opened with url: ''

2022-12-02 11:16:44 - [MESSAGE][INFO] - Starting 'Firefox (headless)' driver

2022-12-02 11:16:44 - [MESSAGE][INFO] - Action delay is set to 0 milliseconds

2022-12-02 11:16:46 - [MESSAGE][PASSED] - Browser is opened with url: ''

2022-12-02 11:16:46 - [TEST_STEP][PASSED] - navigateToUrl("https://demoqa.com/text-box"): Navigate to 'https://demoqa.com/text-box' successfully

2022-12-02 11:16:51 - [MESSAGE][PASSED] - Navigate to 'https://demoqa.com/text-box' successfully

2022-12-02 11:16:51 - [TEST_STEP][PASSED] - maximizeWindow(): Current window maximized

2022-12-02 11:16:51 - [MESSAGE][PASSED] - Current window maximized

2022-12-02 11:16:51 - [TEST_STEP][PASSED] - setText(findTestObject("Spy_web/Page_ToolsQA/input_Full Name_userName"), "Ljubo"): Text 'Ljubo' is set on object 'Object Repository/Spy_web/Page_ToolsQA/input_Full Name_userName'

2022-12-02 11:16:52 - [MESSAGE][PASSED] - Text 'Ljubo' is set on object 'Object Repository/Spy_web/Page_ToolsQA/input_Full Name_userName'

2022-12-02 11:16:52 - [TEST_STEP][PASSED] - setText(findTestObject("Spy_web/Page_ToolsQA/input_Email_userEmail"), "Ljubo@gmail.com"): Text 'Ljubo@gmail.com' is set on object 'Object Repository/Spy_web/Page_ToolsQA/input_Email_userEmail'

2022-12-02 11:16:52 - [MESSAGE][PASSED] - Text 'Ljubo@gmail.com' is set on object 'Object Repository/Spy_web/Page_ToolsQA/input_Email_userEmail'

2022-12-02 11:16:52 - [TEST_STEP][PASSED] - setText(findTestObject("Spy_web/Page_ToolsQA/textarea_Current Address_currentAddress"), "direcciÃ³n uno"): Text 'direcciÃ³n uno' is set on object 'Object Repository/Spy_web/Page_ToolsQA/textarea_Current Address_currentAddress'

2022-12-02 11:16:52 - [MESSAGE][PASSED] - Text 'direcciÃ³n uno' is set on object 'Object Repository/Spy_web/Page_ToolsQA/textarea_Current Address_currentAddress'

2022-12-02 11:16:52 - [TEST_STEP][PASSED] - setText(findTestObject("Spy_web/Page_ToolsQA/textarea_Permanent Address_permanentAddress"), "DirecciÃ³n dos"): Text 'DirecciÃ³n dos' is set on object 'Object Repository/Spy_web/Page_ToolsQA/textarea_Permanent Address_permanentAddress'

2022-12-02 11:16:52 - [MESSAGE][PASSED] - Text 'DirecciÃ³n dos' is set on object 'Object Repository/Spy_web/Page_ToolsQA/textarea_Permanent Address_permanentAddress'

2022-12-02 11:16:52 - [TEST_STEP][PASSED] - scrollToElement(findTestObject("Spy_web/Page_ToolsQA/button_Submit"), 120): Scroll to object 'Object Repository/Spy_web/Page_ToolsQA/button_Submit' successfully

2022-12-02 11:16:52 - [MESSAGE][PASSED] - Scroll to object 'Object Repository/Spy_web/Page_ToolsQA/button_Submit' successfully

2022-12-02 11:16:52 - [TEST_STEP][PASSED] - click(findTestObject("Spy_web/Page_ToolsQA/button_Submit")): Object: 'Object Repository/Spy_web/Page_ToolsQA/button_Submit' is clicked on

2022-12-02 11:16:52 - [MESSAGE][PASSED] - Object: 'Object Repository/Spy_web/Page_ToolsQA/button_Submit' is clicked on

2022-12-02 11:16:52 - [TEST_STEP][PASSED] - verifyTextPresent("Text Box", false): Text 'Text Box' is present on page 

2022-12-02 11:16:53 - [MESSAGE][PASSED] - Text 'Text Box' is present on page 

2022-12-02 11:16:53 - [TEST_STEP][PASSED] - closeBrowser(): Browser is closed

2022-12-02 11:16:53 - [MESSAGE][PASSED] - Browser is closed]]></system-out>
         <system-err><![CDATA[]]></system-err>
      </testcase>
      <system-out><![CDATA[2022-12-02 11:16:22 - [TEST_SUITE][PASSED] - Test_suite_5: Test Cases/Spy_web/Caso_spy_web]]></system-out>
      <system-err><![CDATA[]]></system-err>
   </testsuite>
   <testsuite name="Test_suite_6" tests="1" failures="0" errors="0" time="11.797" skipped="0" timestamp="2022-12-02 11:17:11" hostname="javie - Maximiliano" id="Test Suites/Test_suite_6">
      <properties>
         <property name="deviceName" value=""/>
         <property name="devicePlatform" value=""/>
         <property name="logFolder" value="C:\\Users\\javie\\git\\KatalonCert\\Reports\\20221202_111330\\Test_suite_6\\20221202_111358"/>
         <property name="logFiles" value="C:\\Users\\javie\\git\\KatalonCert\\Reports\\20221202_111330\\Test_suite_6\\20221202_111358\\execution0.log"/>
         <property name="attachments" value=""/>
         <property name="hostName" value="javie - Maximiliano"/>
         <property name="os" value="Windows 10 64bit"/>
         <property name="katalonVersion" value="8.5.2.208"/>
         <property name="browser" value="Firefox 107.0"/>
         <property name="hostAddress" value="192.168.29.1"/>
         <property name="sessionId" value="d90d98c1-b05c-43c2-9719-163bd267f43f"/>
         <property name="seleniumVersion" value="3.141.59"/>
         <property name="proxyInformation" value="ProxyInformation { proxyOption=NO_PROXY, proxyServerType=HTTP, username=, password=********, proxyServerAddress=, proxyServerPort=0, executionList=&quot;&quot;, isApplyToDesiredCapabilities=true }"/>
         <property name="platform" value="Windows 10"/>
      </properties>
      <testcase name="Test Cases/Variables/Variables" time="11.629" classname="Test Cases/Variables/Variables" status="PASSED">
         <system-out><![CDATA[2022-12-02 11:17:12 - [TEST_CASE][PASSED] - Test Cases/Variables/Variables: Test Cases/Variables/Variables

2022-12-02 11:17:12 - [TEST_STEP][PASSED] - openBrowser(""): Browser is opened with url: ''

2022-12-02 11:17:12 - [MESSAGE][INFO] - Starting 'Firefox (headless)' driver

2022-12-02 11:17:12 - [MESSAGE][INFO] - Action delay is set to 0 milliseconds

2022-12-02 11:17:14 - [MESSAGE][PASSED] - Browser is opened with url: ''

2022-12-02 11:17:14 - [TEST_STEP][PASSED] - navigateToUrl("https://demoqa.com/webtables"): Navigate to 'https://demoqa.com/webtables' successfully

2022-12-02 11:17:20 - [MESSAGE][PASSED] - Navigate to 'https://demoqa.com/webtables' successfully

2022-12-02 11:17:20 - [TEST_STEP][PASSED] - click(findTestObject("Object Repository/Variables/Page_ToolsQA/button_Add")): Object: 'Object Repository/Variables/Page_ToolsQA/button_Add' is clicked on

2022-12-02 11:17:20 - [MESSAGE][PASSED] - Object: 'Object Repository/Variables/Page_ToolsQA/button_Add' is clicked on

2022-12-02 11:17:20 - [TEST_STEP][PASSED] - setText(findTestObject("Object Repository/Variables/Page_ToolsQA/input_First Name_firstName"), "Juan"): Text 'Juan' is set on object 'Object Repository/Variables/Page_ToolsQA/input_First Name_firstName'

2022-12-02 11:17:20 - [MESSAGE][PASSED] - Text 'Juan' is set on object 'Object Repository/Variables/Page_ToolsQA/input_First Name_firstName'

2022-12-02 11:17:20 - [TEST_STEP][PASSED] - click(findTestObject("Object Repository/Variables/Page_ToolsQA/input_Last Name_lastName")): Object: 'Object Repository/Variables/Page_ToolsQA/input_Last Name_lastName' is clicked on

2022-12-02 11:17:21 - [MESSAGE][PASSED] - Object: 'Object Repository/Variables/Page_ToolsQA/input_Last Name_lastName' is clicked on

2022-12-02 11:17:21 - [TEST_STEP][PASSED] - setText(findTestObject("Object Repository/Variables/Page_ToolsQA/input_Last Name_lastName"), "Perez"): Text 'Perez' is set on object 'Object Repository/Variables/Page_ToolsQA/input_Last Name_lastName'

2022-12-02 11:17:21 - [MESSAGE][PASSED] - Text 'Perez' is set on object 'Object Repository/Variables/Page_ToolsQA/input_Last Name_lastName'

2022-12-02 11:17:21 - [TEST_STEP][PASSED] - setText(findTestObject("Object Repository/Variables/Page_ToolsQA/input_Email_userEmail"), "juan@gmail.com"): Text 'juan@gmail.com' is set on object 'Object Repository/Variables/Page_ToolsQA/input_Email_userEmail'

2022-12-02 11:17:21 - [MESSAGE][PASSED] - Text 'juan@gmail.com' is set on object 'Object Repository/Variables/Page_ToolsQA/input_Email_userEmail'

2022-12-02 11:17:21 - [TEST_STEP][PASSED] - setText(findTestObject("Object Repository/Variables/Page_ToolsQA/input_Age_age"), "22"): Text '22' is set on object 'Object Repository/Variables/Page_ToolsQA/input_Age_age'

2022-12-02 11:17:21 - [MESSAGE][PASSED] - Text '22' is set on object 'Object Repository/Variables/Page_ToolsQA/input_Age_age'

2022-12-02 11:17:21 - [TEST_STEP][PASSED] - setText(findTestObject("Object Repository/Variables/Page_ToolsQA/input_Salary_salary"), "35000"): Text '35000' is set on object 'Object Repository/Variables/Page_ToolsQA/input_Salary_salary'

2022-12-02 11:17:21 - [MESSAGE][PASSED] - Text '35000' is set on object 'Object Repository/Variables/Page_ToolsQA/input_Salary_salary'

2022-12-02 11:17:21 - [TEST_STEP][PASSED] - setText(findTestObject("Object Repository/Variables/Page_ToolsQA/input_Department_department"), "Informatica"): Text 'Informatica' is set on object 'Object Repository/Variables/Page_ToolsQA/input_Department_department'

2022-12-02 11:17:21 - [MESSAGE][PASSED] - Text 'Informatica' is set on object 'Object Repository/Variables/Page_ToolsQA/input_Department_department'

2022-12-02 11:17:21 - [TEST_STEP][PASSED] - rightClick(findTestObject("Object Repository/Variables/Page_ToolsQA/input_Department_department")): Object: 'Object Repository/Variables/Page_ToolsQA/input_Department_department' is right clicked on

2022-12-02 11:17:22 - [MESSAGE][PASSED] - Object: 'Object Repository/Variables/Page_ToolsQA/input_Department_department' is right clicked on

2022-12-02 11:17:22 - [TEST_STEP][PASSED] - click(findTestObject("Object Repository/Variables/Page_ToolsQA/div_Submit")): Object: 'Object Repository/Variables/Page_ToolsQA/div_Submit' is clicked on

2022-12-02 11:17:22 - [MESSAGE][PASSED] - Object: 'Object Repository/Variables/Page_ToolsQA/div_Submit' is clicked on

2022-12-02 11:17:22 - [TEST_STEP][PASSED] - setText(findTestObject("Object Repository/Variables/Page_ToolsQA/input_Department_department"), "InformÃ¡tica"): Text 'InformÃ¡tica' is set on object 'Object Repository/Variables/Page_ToolsQA/input_Department_department'

2022-12-02 11:17:22 - [MESSAGE][PASSED] - Text 'InformÃ¡tica' is set on object 'Object Repository/Variables/Page_ToolsQA/input_Department_department'

2022-12-02 11:17:22 - [TEST_STEP][PASSED] - click(findTestObject("Object Repository/Variables/Page_ToolsQA/div_Submit")): Object: 'Object Repository/Variables/Page_ToolsQA/div_Submit' is clicked on

2022-12-02 11:17:22 - [MESSAGE][PASSED] - Object: 'Object Repository/Variables/Page_ToolsQA/div_Submit' is clicked on

2022-12-02 11:17:22 - [TEST_STEP][PASSED] - click(findTestObject("Object Repository/Variables/Page_ToolsQA/button_Submit")): Object: 'Object Repository/Variables/Page_ToolsQA/button_Submit' is clicked on

2022-12-02 11:17:23 - [MESSAGE][PASSED] - Object: 'Object Repository/Variables/Page_ToolsQA/button_Submit' is clicked on

2022-12-02 11:17:23 - [TEST_STEP][PASSED] - closeBrowser(): Browser is closed

2022-12-02 11:17:23 - [MESSAGE][PASSED] - Browser is closed]]></system-out>
         <system-err><![CDATA[]]></system-err>
      </testcase>
      <system-out><![CDATA[2022-12-02 11:17:11 - [TEST_SUITE][PASSED] - Test_suite_6: Test Cases/Variables/Variables]]></system-out>
      <system-err><![CDATA[]]></system-err>
   </testsuite>
</testsuites>
