<?xml version="1.0" encoding="UTF-8"?>
<testsuites name="Test_Collection_TODOS_Random" time="224.683" tests="1" failures="0" errors="0">
   <testsuite name="Test_suite_6" tests="1" failures="0" errors="0" time="210.123" skipped="0" timestamp="2022-12-02 11:08:22" hostname="javie - Maximiliano" id="Test Suites/Test_suite_6">
      <properties>
         <property name="deviceName" value=""/>
         <property name="devicePlatform" value=""/>
         <property name="logFolder" value="C:\\Users\\javie\\git\\KatalonCert\\Reports\\20221202_110802\\Test_suite_6\\20221202_110809"/>
         <property name="logFiles" value="C:\\Users\\javie\\git\\KatalonCert\\Reports\\20221202_110802\\Test_suite_6\\20221202_110809\\execution0.log"/>
         <property name="attachments" value=""/>
         <property name="hostName" value="javie - Maximiliano"/>
         <property name="remoteDriverUrl" value="testcloud.katalon.com/hub"/>
         <property name="desiredCapabilities" value="{
  &quot;acceptInsecureCerts&quot;: false,
  &quot;browserName&quot;: &quot;chrome&quot;,
  &quot;browserVersion&quot;: &quot;103.0.5060.53&quot;,
  &quot;chrome&quot;: {
    &quot;chromedriverVersion&quot;: &quot;103.0.5060.53 (a1711811edd74ff1cf2150f36ffa3b0dae40b17f-refs/branch-heads/5060@{#853})&quot;,
    &quot;userDataDir&quot;: &quot;C:\\Users\\ADMINI~1\\AppData\\Local\\Temp\\scoped_dir7072_781447636&quot;
  },
  &quot;goog:chromeOptions&quot;: {
    &quot;debuggerAddress&quot;: &quot;localhost:49847&quot;
  },
  &quot;javascriptEnabled&quot;: true,
  &quot;katalon:option&quot;: {
    &quot;unlimitedExecutionMinutes&quot;: true,
    &quot;jwt&quot;: &quot;eyJ0eXAiOiJKV1QiLCJhbGciOiJSUzI1NiJ9.eyJzdWIiOiJqYXZpZXJlcmNlQGhvdG1haWwuY29tIiwidXBuIjoiMTA3NTMxNSIsImdyb3VwcyI6WyJVU0VSIl0sInN0YXR1cyI6IlZFUklGSUVEIiwiZ2l2ZW5fbmFtZSI6Ik1heGltaWxpYW5vIiwiZmFtaWx5X25hbWUiOiJFcmNlIiwiZW1haWwiOiJqYXZpZXJlcmNlQGhvdG1haWwuY29tIiwiZW1haWxfdmVyaWZpZWQiOnRydWUsImNyZWF0ZWRfYXQiOjE2Njc4NDIxMjcsInVwZGF0ZWRfYXQiOjE2Njk5OTAwNDcsImFtciI6WyJwd2QiXSwiaWF0IjoxNjY5OTkwMDg4LCJleHAiOjE2NzA1OTQ4ODgsImp0aSI6IjdlZDI3YmVjLTdhNDItNDdlMi1iODA2LTA4OTdiYTg5NDI2ZSIsImlzcyI6ImthdGFsb24tYXV0aCJ9.UJDUFUeixuiH7TboGQ3D_HQIyIG3bVpcxohcmP7rjvcZfny0jjFt_hWEeiZV8JMPHa7qNb4eqk8jAoQjvG7ucRz0WZT72rW6j-_T5LaCM1p1Ozw4A1_jJ2sgS8np9A8uqogtOC0i5wcSq6hSYFMgonkeM00B52XQmLX6Y9oLnYZkYsIg6DiJE5SIH2luzeZ-bKBRXfbftzMZMRe61xIyhcf2a_BgXEl4iS_ApvEvOC2KtKhghGwX26Gpgqifs93NYr8vXnr8ZUwUNsBHJ-OKnknmqZZ2MNpxrUJIa_ByrkDrK7RVpN6c2wmyZDY8gSXJ0_OnqkdN7Eb5uVAMo8dqIQ&quot;,
    &quot;userId&quot;: 1075315,
    &quot;organizationId&quot;: &quot;978561&quot;,
    &quot;class&quot;: &quot;com.katalon.testcloud.grid.common.tunnel.domain.UserOptionCapability&quot;,
    &quot;usingTunnel&quot;: false,
    &quot;username&quot;: &quot;javiererce@hotmail.com&quot;
  },
  &quot;networkConnectionEnabled&quot;: false,
  &quot;os&quot;: &quot;windows&quot;,
  &quot;pageLoadStrategy&quot;: &quot;normal&quot;,
  &quot;platform&quot;: &quot;WINDOWS&quot;,
  &quot;platformName&quot;: &quot;WINDOWS&quot;,
  &quot;proxy&quot;: {
    &quot;proxyType&quot;: &quot;DIRECT&quot;,
    &quot;autodetect&quot;: false
  },
  &quot;requestId&quot;: &quot;40b5cce8-e3f0-4735-9dae-f15d567d516e&quot;,
  &quot;se:cdp&quot;: &quot;ws://10.0.2.2:4444/session/3d7e694d5b4eb40fb7e299631084f443/se/cdp&quot;,
  &quot;se:cdpVersion&quot;: &quot;103.0.5060.53&quot;,
  &quot;setWindowRect&quot;: true,
  &quot;strictFileInteractability&quot;: false,
  &quot;timeouts&quot;: {
    &quot;implicit&quot;: 0,
    &quot;pageLoad&quot;: 300000,
    &quot;script&quot;: 30000
  },
  &quot;unhandledPromptBehavior&quot;: &quot;dismiss and notify&quot;,
  &quot;webauthn:extension:credBlob&quot;: true,
  &quot;webauthn:extension:largeBlob&quot;: true,
  &quot;webauthn:virtualAuthenticators&quot;: true
}"/>
         <property name="os" value="Windows 10 64bit"/>
         <property name="remoteOS" value="Windows"/>
         <property name="katalonVersion" value="8.5.2.208"/>
         <property name="browser" value="Chrome 103.0.5060.53"/>
         <property name="hostAddress" value="192.168.29.1"/>
         <property name="sessionId" value="3d7e694d5b4eb40fb7e299631084f443"/>
         <property name="seleniumVersion" value="3.141.59"/>
         <property name="proxyInformation" value="ProxyInformation { proxyOption=NO_PROXY, proxyServerType=HTTP, username=, password=********, proxyServerAddress=, proxyServerPort=0, executionList=&quot;&quot;, isApplyToDesiredCapabilities=true }"/>
         <property name="platform" value="Windows 10"/>
      </properties>
      <testcase name="Test Cases/Variables/Variables" time="209.907" classname="Test Cases/Variables/Variables" status="PASSED">
         <system-out><![CDATA[2022-12-02 11:08:22 - [TEST_CASE][PASSED] - Test Cases/Variables/Variables: Test Cases/Variables/Variables

2022-12-02 11:08:23 - [TEST_STEP][PASSED] - openBrowser(""): Browser is opened with url: ''

2022-12-02 11:08:23 - [MESSAGE][INFO] - User set preference: ['os', 'windows']

2022-12-02 11:08:23 - [MESSAGE][INFO] - User set preference: ['browserName', 'chrome']

2022-12-02 11:08:23 - [MESSAGE][INFO] - User set preference: ['browserVersion', '103']

2022-12-02 11:08:23 - [MESSAGE][INFO] - User set preference: ['katalon:option', '{organizationId=978561, tunnelId=, usingTunnel=false}']

2022-12-02 11:08:23 - [MESSAGE][INFO] - Connecting to remote web server 'testcloud.katalon.com/hub' with type 'Selenium'

2022-12-02 11:08:23 - [MESSAGE][INFO] - Action delay is set to 0 milliseconds

2022-12-02 11:11:04 - [MESSAGE][PASSED] - Browser is opened with url: ''

2022-12-02 11:11:04 - [TEST_STEP][PASSED] - navigateToUrl("https://demoqa.com/webtables"): Navigate to 'https://demoqa.com/webtables' successfully

2022-12-02 11:11:07 - [MESSAGE][PASSED] - Navigate to 'https://demoqa.com/webtables' successfully

2022-12-02 11:11:07 - [TEST_STEP][PASSED] - click(findTestObject("Object Repository/Variables/Page_ToolsQA/button_Add")): Object: 'Object Repository/Variables/Page_ToolsQA/button_Add' is clicked on

2022-12-02 11:11:09 - [MESSAGE][PASSED] - Object: 'Object Repository/Variables/Page_ToolsQA/button_Add' is clicked on

2022-12-02 11:11:09 - [TEST_STEP][PASSED] - setText(findTestObject("Object Repository/Variables/Page_ToolsQA/input_First Name_firstName"), "Juan"): Text 'Juan' is set on object 'Object Repository/Variables/Page_ToolsQA/input_First Name_firstName'

2022-12-02 11:11:14 - [MESSAGE][PASSED] - Text 'Juan' is set on object 'Object Repository/Variables/Page_ToolsQA/input_First Name_firstName'

2022-12-02 11:11:14 - [TEST_STEP][PASSED] - click(findTestObject("Object Repository/Variables/Page_ToolsQA/input_Last Name_lastName")): Object: 'Object Repository/Variables/Page_ToolsQA/input_Last Name_lastName' is clicked on

2022-12-02 11:11:16 - [MESSAGE][PASSED] - Object: 'Object Repository/Variables/Page_ToolsQA/input_Last Name_lastName' is clicked on

2022-12-02 11:11:16 - [TEST_STEP][PASSED] - setText(findTestObject("Object Repository/Variables/Page_ToolsQA/input_Last Name_lastName"), "Perez"): Text 'Perez' is set on object 'Object Repository/Variables/Page_ToolsQA/input_Last Name_lastName'

2022-12-02 11:11:20 - [MESSAGE][PASSED] - Text 'Perez' is set on object 'Object Repository/Variables/Page_ToolsQA/input_Last Name_lastName'

2022-12-02 11:11:20 - [TEST_STEP][PASSED] - setText(findTestObject("Object Repository/Variables/Page_ToolsQA/input_Email_userEmail"), "juan@gmail.com"): Text 'juan@gmail.com' is set on object 'Object Repository/Variables/Page_ToolsQA/input_Email_userEmail'

2022-12-02 11:11:24 - [MESSAGE][PASSED] - Text 'juan@gmail.com' is set on object 'Object Repository/Variables/Page_ToolsQA/input_Email_userEmail'

2022-12-02 11:11:24 - [TEST_STEP][PASSED] - setText(findTestObject("Object Repository/Variables/Page_ToolsQA/input_Age_age"), "22"): Text '22' is set on object 'Object Repository/Variables/Page_ToolsQA/input_Age_age'

2022-12-02 11:11:28 - [MESSAGE][PASSED] - Text '22' is set on object 'Object Repository/Variables/Page_ToolsQA/input_Age_age'

2022-12-02 11:11:28 - [TEST_STEP][PASSED] - setText(findTestObject("Object Repository/Variables/Page_ToolsQA/input_Salary_salary"), "35000"): Text '35000' is set on object 'Object Repository/Variables/Page_ToolsQA/input_Salary_salary'

2022-12-02 11:11:32 - [MESSAGE][PASSED] - Text '35000' is set on object 'Object Repository/Variables/Page_ToolsQA/input_Salary_salary'

2022-12-02 11:11:32 - [TEST_STEP][PASSED] - setText(findTestObject("Object Repository/Variables/Page_ToolsQA/input_Department_department"), "Informatica"): Text 'Informatica' is set on object 'Object Repository/Variables/Page_ToolsQA/input_Department_department'

2022-12-02 11:11:36 - [MESSAGE][PASSED] - Text 'Informatica' is set on object 'Object Repository/Variables/Page_ToolsQA/input_Department_department'

2022-12-02 11:11:36 - [TEST_STEP][PASSED] - rightClick(findTestObject("Object Repository/Variables/Page_ToolsQA/input_Department_department")): Object: 'Object Repository/Variables/Page_ToolsQA/input_Department_department' is right clicked on

2022-12-02 11:11:38 - [MESSAGE][PASSED] - Object: 'Object Repository/Variables/Page_ToolsQA/input_Department_department' is right clicked on

2022-12-02 11:11:38 - [TEST_STEP][PASSED] - click(findTestObject("Object Repository/Variables/Page_ToolsQA/div_Submit")): Object: 'Object Repository/Variables/Page_ToolsQA/div_Submit' is clicked on

2022-12-02 11:11:40 - [MESSAGE][PASSED] - Object: 'Object Repository/Variables/Page_ToolsQA/div_Submit' is clicked on

2022-12-02 11:11:40 - [TEST_STEP][PASSED] - setText(findTestObject("Object Repository/Variables/Page_ToolsQA/input_Department_department"), "InformÃ¡tica"): Text 'InformÃ¡tica' is set on object 'Object Repository/Variables/Page_ToolsQA/input_Department_department'

2022-12-02 11:11:44 - [MESSAGE][PASSED] - Text 'InformÃ¡tica' is set on object 'Object Repository/Variables/Page_ToolsQA/input_Department_department'

2022-12-02 11:11:44 - [TEST_STEP][PASSED] - click(findTestObject("Object Repository/Variables/Page_ToolsQA/div_Submit")): Object: 'Object Repository/Variables/Page_ToolsQA/div_Submit' is clicked on

2022-12-02 11:11:46 - [MESSAGE][PASSED] - Object: 'Object Repository/Variables/Page_ToolsQA/div_Submit' is clicked on

2022-12-02 11:11:46 - [TEST_STEP][PASSED] - click(findTestObject("Object Repository/Variables/Page_ToolsQA/button_Submit")): Object: 'Object Repository/Variables/Page_ToolsQA/button_Submit' is clicked on

2022-12-02 11:11:48 - [MESSAGE][PASSED] - Object: 'Object Repository/Variables/Page_ToolsQA/button_Submit' is clicked on

2022-12-02 11:11:48 - [TEST_STEP][PASSED] - closeBrowser(): Browser is closed

2022-12-02 11:11:52 - [MESSAGE][PASSED] - Browser is closed]]></system-out>
         <system-err><![CDATA[]]></system-err>
      </testcase>
      <system-out><![CDATA[2022-12-02 11:08:22 - [TEST_SUITE][PASSED] - Test_suite_6: Test Cases/Variables/Variables]]></system-out>
      <system-err><![CDATA[]]></system-err>
   </testsuite>
</testsuites>
