<?xml version="1.0" encoding="UTF-8"?>
<testsuites name="Data_interno" time="25.372" tests="2" failures="0" errors="0">
   <testsuite name="Data_interno" tests="2" failures="0" errors="0" time="25.372" skipped="0" timestamp="2022-12-02 11:14:12" hostname="javie - Maximiliano" id="Test Suites/Data_interno">
      <properties>
         <property name="deviceName" value=""/>
         <property name="devicePlatform" value=""/>
         <property name="logFolder" value="C:\\Users\\javie\\git\\KatalonCert\\Reports\\20221202_111330\\Data_interno\\20221202_111335"/>
         <property name="logFiles" value="C:\\Users\\javie\\git\\KatalonCert\\Reports\\20221202_111330\\Data_interno\\20221202_111335\\execution0.log"/>
         <property name="attachments" value=""/>
         <property name="hostName" value="javie - Maximiliano"/>
         <property name="os" value="Windows 10 64bit"/>
         <property name="katalonVersion" value="8.5.2.208"/>
         <property name="browser" value="Chrome 107.0.5304.122"/>
         <property name="hostAddress" value="192.168.29.1"/>
         <property name="sessionId" value="86d55134ce6a20e394226e22b2681284"/>
         <property name="seleniumVersion" value="3.141.59"/>
         <property name="proxyInformation" value="ProxyInformation { proxyOption=NO_PROXY, proxyServerType=HTTP, username=, password=********, proxyServerAddress=, proxyServerPort=0, executionList=&quot;&quot;, isApplyToDesiredCapabilities=true }"/>
         <property name="platform" value="Windows 10"/>
      </properties>
      <testcase name="Test Cases/Drive_excel/Drive_excel" time="14.477" classname="Test Cases/Drive_excel/Drive_excel" status="PASSED">
         <system-out><![CDATA[2022-12-02 11:14:12 - [TEST_CASE][PASSED] - Test Cases/Drive_excel/Drive_excel: Test Cases/Drive_excel/Drive_excel

2022-12-02 11:14:13 - [TEST_STEP][PASSED] - openBrowser(""): Browser is opened with url: ''

2022-12-02 11:14:13 - [MESSAGE][INFO] - Starting 'Chrome (headless)' driver

2022-12-02 11:14:13 - [MESSAGE][INFO] - Action delay is set to 0 milliseconds

2022-12-02 11:14:15 - [MESSAGE][PASSED] - Browser is opened with url: ''

2022-12-02 11:14:15 - [TEST_STEP][PASSED] - navigateToUrl("https://demoqa.com/automation-practice-form"): Navigate to 'https://demoqa.com/automation-practice-form' successfully

2022-12-02 11:14:23 - [MESSAGE][PASSED] - Navigate to 'https://demoqa.com/automation-practice-form' successfully

2022-12-02 11:14:23 - [TEST_STEP][PASSED] - waitForPageLoad(40): Wait for page load successfully

2022-12-02 11:14:24 - [MESSAGE][PASSED] - Wait for page load successfully

2022-12-02 11:14:24 - [TEST_STEP][PASSED] - maximizeWindow(): Current window maximized

2022-12-02 11:14:24 - [MESSAGE][PASSED] - Current window maximized

2022-12-02 11:14:24 - [TEST_STEP][PASSED] - setText(findTestObject("Object Repository/Drive_excel/Page_ToolsQA/input_Name_firstName"), nombre): Text 'nombre1' is set on object 'Object Repository/Drive_excel/Page_ToolsQA/input_Name_firstName'

2022-12-02 11:14:24 - [MESSAGE][PASSED] - Text 'nombre1' is set on object 'Object Repository/Drive_excel/Page_ToolsQA/input_Name_firstName'

2022-12-02 11:14:24 - [TEST_STEP][PASSED] - setText(findTestObject("Object Repository/Drive_excel/Page_ToolsQA/input_Name_lastName"), apellido): Text 'apellido1' is set on object 'Object Repository/Drive_excel/Page_ToolsQA/input_Name_lastName'

2022-12-02 11:14:24 - [MESSAGE][PASSED] - Text 'apellido1' is set on object 'Object Repository/Drive_excel/Page_ToolsQA/input_Name_lastName'

2022-12-02 11:14:24 - [TEST_STEP][PASSED] - setText(findTestObject("Object Repository/Drive_excel/Page_ToolsQA/input_Email_userEmail"), email): Text 'email1' is set on object 'Object Repository/Drive_excel/Page_ToolsQA/input_Email_userEmail'

2022-12-02 11:14:24 - [MESSAGE][PASSED] - Text 'email1' is set on object 'Object Repository/Drive_excel/Page_ToolsQA/input_Email_userEmail'

2022-12-02 11:14:24 - [TEST_STEP][PASSED] - delay(2): Delayed 2 second(s)

2022-12-02 11:14:26 - [MESSAGE][PASSED] - Delayed 2 second(s)

2022-12-02 11:14:26 - [TEST_STEP][PASSED] - closeBrowser(): Browser is closed

2022-12-02 11:14:27 - [MESSAGE][PASSED] - Browser is closed]]></system-out>
         <system-err><![CDATA[]]></system-err>
      </testcase>
      <testcase name="Test Cases/Drive_excel/Drive_excel" time="10.625" classname="Test Cases/Drive_excel/Drive_excel" status="PASSED">
         <system-out><![CDATA[2022-12-02 11:14:27 - [TEST_CASE][PASSED] - Test Cases/Drive_excel/Drive_excel: Test Cases/Drive_excel/Drive_excel

2022-12-02 11:14:27 - [TEST_STEP][PASSED] - openBrowser(""): Browser is opened with url: ''

2022-12-02 11:14:27 - [MESSAGE][INFO] - Starting 'Chrome (headless)' driver

2022-12-02 11:14:27 - [MESSAGE][INFO] - Action delay is set to 0 milliseconds

2022-12-02 11:14:28 - [MESSAGE][PASSED] - Browser is opened with url: ''

2022-12-02 11:14:28 - [TEST_STEP][PASSED] - navigateToUrl("https://demoqa.com/automation-practice-form"): Navigate to 'https://demoqa.com/automation-practice-form' successfully

2022-12-02 11:14:34 - [MESSAGE][PASSED] - Navigate to 'https://demoqa.com/automation-practice-form' successfully

2022-12-02 11:14:34 - [TEST_STEP][PASSED] - waitForPageLoad(40): Wait for page load successfully

2022-12-02 11:14:34 - [MESSAGE][PASSED] - Wait for page load successfully

2022-12-02 11:14:34 - [TEST_STEP][PASSED] - maximizeWindow(): Current window maximized

2022-12-02 11:14:34 - [MESSAGE][PASSED] - Current window maximized

2022-12-02 11:14:34 - [TEST_STEP][PASSED] - setText(findTestObject("Object Repository/Drive_excel/Page_ToolsQA/input_Name_firstName"), nombre): Text 'nombre2' is set on object 'Object Repository/Drive_excel/Page_ToolsQA/input_Name_firstName'

2022-12-02 11:14:35 - [MESSAGE][PASSED] - Text 'nombre2' is set on object 'Object Repository/Drive_excel/Page_ToolsQA/input_Name_firstName'

2022-12-02 11:14:35 - [TEST_STEP][PASSED] - setText(findTestObject("Object Repository/Drive_excel/Page_ToolsQA/input_Name_lastName"), apellido): Text 'apellido2' is set on object 'Object Repository/Drive_excel/Page_ToolsQA/input_Name_lastName'

2022-12-02 11:14:35 - [MESSAGE][PASSED] - Text 'apellido2' is set on object 'Object Repository/Drive_excel/Page_ToolsQA/input_Name_lastName'

2022-12-02 11:14:35 - [TEST_STEP][PASSED] - setText(findTestObject("Object Repository/Drive_excel/Page_ToolsQA/input_Email_userEmail"), email): Text 'email2' is set on object 'Object Repository/Drive_excel/Page_ToolsQA/input_Email_userEmail'

2022-12-02 11:14:35 - [MESSAGE][PASSED] - Text 'email2' is set on object 'Object Repository/Drive_excel/Page_ToolsQA/input_Email_userEmail'

2022-12-02 11:14:35 - [TEST_STEP][PASSED] - delay(2): Delayed 2 second(s)

2022-12-02 11:14:37 - [MESSAGE][PASSED] - Delayed 2 second(s)

2022-12-02 11:14:37 - [TEST_STEP][PASSED] - closeBrowser(): Browser is closed

2022-12-02 11:14:37 - [MESSAGE][PASSED] - Browser is closed]]></system-out>
         <system-err><![CDATA[]]></system-err>
      </testcase>
      <system-out><![CDATA[2022-12-02 11:14:12 - [TEST_SUITE][PASSED] - Data_interno: Test Cases/Drive_excel/Drive_excel]]></system-out>
      <system-err><![CDATA[]]></system-err>
   </testsuite>
</testsuites>
