<?xml version="1.0" encoding="UTF-8"?>
<testsuites name="Test_suite_3" time="22.442" tests="2" failures="0" errors="0">
   <testsuite name="Test_suite_3" tests="2" failures="0" errors="0" time="22.442" skipped="0" timestamp="2022-12-01 18:38:24" hostname="javie - host.docker.internal" id="Test Suites/Test_suite_3">
      <properties>
         <property name="deviceName" value=""/>
         <property name="devicePlatform" value=""/>
         <property name="logFolder" value="C:\\Users\\javie\\git\\KatalonCert\\Reports\\20221201_183806\\Test_suite_3\\20221201_183807"/>
         <property name="logFiles" value="C:\\Users\\javie\\git\\KatalonCert\\Reports\\20221201_183806\\Test_suite_3\\20221201_183807\\execution0.log"/>
         <property name="attachments" value=""/>
         <property name="hostName" value="javie - host.docker.internal"/>
         <property name="os" value="Windows 10 64bit"/>
         <property name="katalonVersion" value="8.5.2.208"/>
         <property name="browser" value="Firefox 107.0"/>
         <property name="hostAddress" value="192.168.0.123"/>
         <property name="sessionId" value="e008b46f-ca17-489d-a62b-9e1abb39f31d"/>
         <property name="seleniumVersion" value="3.141.59"/>
         <property name="proxyInformation" value="ProxyInformation { proxyOption=NO_PROXY, proxyServerType=HTTP, username=, password=********, proxyServerAddress=, proxyServerPort=0, executionList=&quot;&quot;, isApplyToDesiredCapabilities=true }"/>
         <property name="platform" value="Windows 10"/>
      </properties>
      <testcase name="Test Cases/Navegador/Navegador" time="9.403" classname="Test Cases/Navegador/Navegador" status="PASSED">
         <system-out><![CDATA[2022-12-01 18:38:24 - [TEST_CASE][PASSED] - Test Cases/Navegador/Navegador: Test Cases/Navegador/Navegador

2022-12-01 18:38:24 - [TEST_STEP][PASSED] - openBrowser("https://demoqa.com/text-box"): Browser is opened with url: 'https://demoqa.com/text-box'

2022-12-01 18:38:24 - [MESSAGE][INFO] - Starting 'Firefox (headless)' driver

2022-12-01 18:38:25 - [MESSAGE][INFO] - Action delay is set to 0 milliseconds

2022-12-01 18:38:33 - [MESSAGE][PASSED] - Browser is opened with url: 'https://demoqa.com/text-box'

2022-12-01 18:38:33 - [TEST_STEP][PASSED] - maximizeWindow(): Current window maximized

2022-12-01 18:38:33 - [MESSAGE][PASSED] - Current window maximized

2022-12-01 18:38:33 - [TEST_STEP][PASSED] - page_url = getUrl(): Current window's url is: 'https://demoqa.com/text-box'

2022-12-01 18:38:33 - [MESSAGE][PASSED] - Current window's url is: 'https://demoqa.com/text-box'

2022-12-01 18:38:33 - [TEST_STEP][PASSED] - print(page_url): null

2022-12-01 18:38:33 - [TEST_STEP][PASSED] - Titulo = getWindowTitle(): Current window's title is: 'ToolsQA'

2022-12-01 18:38:33 - [MESSAGE][PASSED] - Current window's title is: 'ToolsQA'

2022-12-01 18:38:33 - [TEST_STEP][PASSED] - print("titiulo de la pagina" + Titulo): null

2022-12-01 18:38:33 - [TEST_STEP][PASSED] - closeBrowser(): Browser is closed

2022-12-01 18:38:33 - [MESSAGE][PASSED] - Browser is closed]]></system-out>
         <system-err><![CDATA[]]></system-err>
      </testcase>
      <testcase name="Test Cases/Objecto_xpath/Caso_xpath" time="12.867" classname="Test Cases/Objecto_xpath/Caso_xpath" status="PASSED">
         <system-out><![CDATA[2022-12-01 18:38:33 - [TEST_CASE][PASSED] - Test Cases/Objecto_xpath/Caso_xpath: Test Cases/Objecto_xpath/Caso_xpath

2022-12-01 18:38:34 - [TEST_STEP][PASSED] - openBrowser(""): Browser is opened with url: ''

2022-12-01 18:38:34 - [MESSAGE][INFO] - Starting 'Firefox (headless)' driver

2022-12-01 18:38:34 - [MESSAGE][INFO] - Action delay is set to 0 milliseconds

2022-12-01 18:38:36 - [MESSAGE][PASSED] - Browser is opened with url: ''

2022-12-01 18:38:36 - [TEST_STEP][PASSED] - navigateToUrl("https://demoqa.com/text-box"): Navigate to 'https://demoqa.com/text-box' successfully

2022-12-01 18:38:42 - [MESSAGE][PASSED] - Navigate to 'https://demoqa.com/text-box' successfully

2022-12-01 18:38:42 - [TEST_STEP][PASSED] - maximizeWindow(): Current window maximized

2022-12-01 18:38:42 - [MESSAGE][PASSED] - Current window maximized

2022-12-01 18:38:42 - [TEST_STEP][PASSED] - setText(findTestObject("Objeto_xpath/Campo_nombre"), "Ljubo"): Text 'Ljubo' is set on object 'Object Repository/Objeto_xpath/Campo_nombre'

2022-12-01 18:38:42 - [MESSAGE][PASSED] - Text 'Ljubo' is set on object 'Object Repository/Objeto_xpath/Campo_nombre'

2022-12-01 18:38:42 - [TEST_STEP][PASSED] - delay(3): Delayed 3 second(s)

2022-12-01 18:38:46 - [MESSAGE][PASSED] - Delayed 3 second(s)

2022-12-01 18:38:46 - [TEST_STEP][PASSED] - closeBrowser(): Browser is closed

2022-12-01 18:38:46 - [MESSAGE][PASSED] - Browser is closed]]></system-out>
         <system-err><![CDATA[]]></system-err>
      </testcase>
      <system-out><![CDATA[2022-12-01 18:38:24 - [TEST_SUITE][PASSED] - Test_suite_3: Test Cases/Objecto_xpath/Caso_xpath]]></system-out>
      <system-err><![CDATA[]]></system-err>
   </testsuite>
</testsuites>
