<?xml version="1.0" encoding="UTF-8"?>
<testsuites name="Test_suite_3" time="21.884" tests="2" failures="0" errors="0">
   <testsuite name="Test_suite_3" tests="2" failures="0" errors="0" time="21.884" skipped="0" timestamp="2022-12-02 11:25:49" hostname="javie - Maximiliano" id="Test Suites/Test_suite_3">
      <properties>
         <property name="deviceName" value=""/>
         <property name="devicePlatform" value=""/>
         <property name="logFolder" value="C:\\Users\\javie\\git\\KatalonCert\\Reports\\20221202_112536\\Test_suite_3\\20221202_112536"/>
         <property name="logFiles" value="C:\\Users\\javie\\git\\KatalonCert\\Reports\\20221202_112536\\Test_suite_3\\20221202_112536\\execution0.log"/>
         <property name="attachments" value=""/>
         <property name="hostName" value="javie - Maximiliano"/>
         <property name="os" value="Windows 10 64bit"/>
         <property name="katalonVersion" value="8.5.2.208"/>
         <property name="browser" value="Firefox 107.0"/>
         <property name="hostAddress" value="192.168.29.1"/>
         <property name="sessionId" value="e2cc7264-1975-491c-817e-18c22a0e517a"/>
         <property name="seleniumVersion" value="3.141.59"/>
         <property name="proxyInformation" value="ProxyInformation { proxyOption=NO_PROXY, proxyServerType=HTTP, username=, password=********, proxyServerAddress=, proxyServerPort=0, executionList=&quot;&quot;, isApplyToDesiredCapabilities=true }"/>
         <property name="platform" value="Windows 10"/>
      </properties>
      <testcase name="Test Cases/Navegador/Navegador" time="10.541" classname="Test Cases/Navegador/Navegador" status="PASSED">
         <system-out><![CDATA[2022-12-02 11:25:50 - [TEST_CASE][PASSED] - Test Cases/Navegador/Navegador: Test Cases/Navegador/Navegador

2022-12-02 11:25:50 - [TEST_STEP][PASSED] - openBrowser("https://demoqa.com/text-box"): Browser is opened with url: 'https://demoqa.com/text-box'

2022-12-02 11:25:50 - [MESSAGE][INFO] - Starting 'Firefox (headless)' driver

2022-12-02 11:25:50 - [MESSAGE][INFO] - Action delay is set to 0 milliseconds

2022-12-02 11:25:59 - [MESSAGE][PASSED] - Browser is opened with url: 'https://demoqa.com/text-box'

2022-12-02 11:25:59 - [TEST_STEP][PASSED] - maximizeWindow(): Current window maximized

2022-12-02 11:26:00 - [MESSAGE][PASSED] - Current window maximized

2022-12-02 11:26:00 - [TEST_STEP][PASSED] - page_url = getUrl(): Current window's url is: 'https://demoqa.com/text-box'

2022-12-02 11:26:00 - [MESSAGE][PASSED] - Current window's url is: 'https://demoqa.com/text-box'

2022-12-02 11:26:00 - [TEST_STEP][PASSED] - print(page_url): null

2022-12-02 11:26:00 - [TEST_STEP][PASSED] - Titulo = getWindowTitle(): Current window's title is: 'ToolsQA'

2022-12-02 11:26:00 - [MESSAGE][PASSED] - Current window's title is: 'ToolsQA'

2022-12-02 11:26:00 - [TEST_STEP][PASSED] - print("titiulo de la pagina" + Titulo): null

2022-12-02 11:26:00 - [TEST_STEP][PASSED] - closeBrowser(): Browser is closed

2022-12-02 11:26:00 - [MESSAGE][PASSED] - Browser is closed]]></system-out>
         <system-err><![CDATA[]]></system-err>
      </testcase>
      <testcase name="Test Cases/Objecto_xpath/Caso_xpath" time="11.124" classname="Test Cases/Objecto_xpath/Caso_xpath" status="PASSED">
         <system-out><![CDATA[2022-12-02 11:26:00 - [TEST_CASE][PASSED] - Test Cases/Objecto_xpath/Caso_xpath: Test Cases/Objecto_xpath/Caso_xpath

2022-12-02 11:26:00 - [TEST_STEP][PASSED] - openBrowser(""): Browser is opened with url: ''

2022-12-02 11:26:00 - [MESSAGE][INFO] - Starting 'Firefox (headless)' driver

2022-12-02 11:26:00 - [MESSAGE][INFO] - Action delay is set to 0 milliseconds

2022-12-02 11:26:02 - [MESSAGE][PASSED] - Browser is opened with url: ''

2022-12-02 11:26:02 - [TEST_STEP][PASSED] - navigateToUrl("https://demoqa.com/text-box"): Navigate to 'https://demoqa.com/text-box' successfully

2022-12-02 11:26:07 - [MESSAGE][PASSED] - Navigate to 'https://demoqa.com/text-box' successfully

2022-12-02 11:26:07 - [TEST_STEP][PASSED] - maximizeWindow(): Current window maximized

2022-12-02 11:26:07 - [MESSAGE][PASSED] - Current window maximized

2022-12-02 11:26:07 - [TEST_STEP][PASSED] - setText(findTestObject("Objeto_xpath/Campo_nombre"), "Ljubo"): Text 'Ljubo' is set on object 'Object Repository/Objeto_xpath/Campo_nombre'

2022-12-02 11:26:08 - [MESSAGE][PASSED] - Text 'Ljubo' is set on object 'Object Repository/Objeto_xpath/Campo_nombre'

2022-12-02 11:26:08 - [TEST_STEP][PASSED] - delay(3): Delayed 3 second(s)

2022-12-02 11:26:11 - [MESSAGE][PASSED] - Delayed 3 second(s)

2022-12-02 11:26:11 - [TEST_STEP][PASSED] - closeBrowser(): Browser is closed

2022-12-02 11:26:11 - [MESSAGE][PASSED] - Browser is closed]]></system-out>
         <system-err><![CDATA[]]></system-err>
      </testcase>
      <system-out><![CDATA[2022-12-02 11:25:49 - [TEST_SUITE][PASSED] - Test_suite_3: Test Cases/Objecto_xpath/Caso_xpath]]></system-out>
      <system-err><![CDATA[]]></system-err>
   </testsuite>
</testsuites>
